The 'sys' module is now called 'util'. It should have a similar interface.
21 Oct 00:51:39 - socket.io ready - accepting connections
The 'sys' module is now called 'util'. It should have a similar interface.
21 Oct 00:51:59 - socket.io ready - accepting connections
The 'sys' module is now called 'util'. It should have a similar interface.
21 Oct 00:52:12 - socket.io ready - accepting connections
The 'sys' module is now called 'util'. It should have a similar interface.
21 Oct 00:52:33 - socket.io ready - accepting connections
21 Oct 00:59:08 - Initializing client with transport "websocket"
21 Oct 00:59:08 - Client 49887275346554816 connected
21 Oct 00:59:47 - Initializing client with transport "websocket"
21 Oct 00:59:47 - Client 2802156631369144 connected
21 Oct 00:59:54 - Client 2802156631369144 disconnected
21 Oct 01:08:11 - Initializing client with transport "websocket"
21 Oct 01:08:11 - Client 4537347846198827 connected
21 Oct 01:08:23 - Client 4537347846198827 disconnected
21 Oct 01:09:57 - Initializing client with transport "websocket"
21 Oct 01:09:57 - Client 7361774214077741 connected
21 Oct 01:10:38 - Initializing client with transport "websocket"
21 Oct 01:10:38 - Client 9293791183736175 connected
21 Oct 01:11:04 - Client 7361774214077741 disconnected
21 Oct 01:14:00 - Initializing client with transport "websocket"
21 Oct 01:14:00 - Client 18632368161343038 connected
21 Oct 01:14:57 - Client 9293791183736175 disconnected
21 Oct 01:17:49 - Client 49887275346554816 disconnected
21 Oct 01:20:44 - Initializing client with transport "websocket"
21 Oct 01:20:44 - Client 2118025217205286 connected
21 Oct 01:20:50 - Initializing client with transport "websocket"
21 Oct 01:20:50 - Client 8432736708782613 connected
21 Oct 01:21:18 - Initializing client with transport "websocket"
21 Oct 01:21:18 - Client 6619466559495777 connected
21 Oct 01:23:04 - Initializing client with transport "websocket"
21 Oct 01:23:04 - Client 7920495010912418 connected
21 Oct 01:23:16 - Client 6619466559495777 disconnected
21 Oct 01:23:57 - Initializing client with transport "websocket"
21 Oct 01:23:57 - Client 22488972824066877 connected
21 Oct 01:24:26 - Client 22488972824066877 disconnected
21 Oct 01:24:27 - Initializing client with transport "websocket"
21 Oct 01:24:27 - Client 18461978528648615 connected
21 Oct 01:24:36 - Client 18461978528648615 disconnected
21 Oct 01:24:56 - Initializing client with transport "websocket"
21 Oct 01:24:56 - Client 19906176067888737 connected
21 Oct 01:24:57 - Initializing client with transport "websocket"
21 Oct 01:24:57 - Client 816988852340728 connected
21 Oct 01:25:02 - Client 816988852340728 disconnected
21 Oct 01:25:20 - Initializing client with transport "websocket"
21 Oct 01:25:20 - Client 2708193054422736 connected
21 Oct 01:25:28 - Initializing client with transport "websocket"
21 Oct 01:25:28 - Client 14622649154625833 connected
21 Oct 01:25:30 - Initializing client with transport "websocket"
21 Oct 01:25:30 - Client 9439016347751021 connected
21 Oct 01:25:39 - Client 9439016347751021 disconnected
21 Oct 01:26:50 - Initializing client with transport "websocket"
21 Oct 01:26:50 - Client 8787908076774329 connected
21 Oct 01:27:24 - Initializing client with transport "websocket"
21 Oct 01:27:24 - Client 30478559085167944 connected
21 Oct 01:27:35 - Initializing client with transport "xhr-polling"
21 Oct 01:27:35 - Client 8725398820824921 connected
21 Oct 01:27:39 - Initializing client with transport "websocket"
21 Oct 01:27:39 - Client 6623712421860546 connected
21 Oct 01:27:47 - Client 8725398820824921 disconnected
21 Oct 01:28:18 - Initializing client with transport "websocket"
21 Oct 01:28:18 - Client 6034159811679274 connected
21 Oct 01:28:34 - Initializing client with transport "websocket"
21 Oct 01:28:34 - Client 7940771086141467 connected
21 Oct 01:28:52 - Initializing client with transport "websocket"
21 Oct 01:28:52 - Client 21745545859448612 connected
21 Oct 01:29:09 - Initializing client with transport "websocket"
21 Oct 01:29:09 - Client 4680165541358292 connected
21 Oct 01:29:54 - Initializing client with transport "websocket"
21 Oct 01:29:54 - Client 7004208001308143 connected
21 Oct 01:30:07 - Initializing client with transport "websocket"
21 Oct 01:30:07 - Client 6819391781464219 connected
21 Oct 01:30:28 - Initializing client with transport "websocket"
21 Oct 01:30:28 - Client 6853080922737718 connected
21 Oct 01:30:33 - Initializing client with transport "websocket"
21 Oct 01:30:33 - Client 3414680832065642 connected
21 Oct 01:30:35 - Client 18632368161343038 disconnected
21 Oct 01:30:36 - Initializing client with transport "websocket"
21 Oct 01:30:36 - Client 8650206685997546 connected
21 Oct 01:30:38 - Initializing client with transport "websocket"
21 Oct 01:30:38 - Client 5806931634433568 connected
21 Oct 01:30:38 - Client 5806931634433568 disconnected
21 Oct 01:30:38 - Client 6853080922737718 disconnected
21 Oct 01:30:42 - Initializing client with transport "xhr-polling"
21 Oct 01:30:42 - Client 9602356178220361 connected
21 Oct 01:31:05 - Client 7004208001308143 disconnected
21 Oct 01:31:13 - Client 9602356178220361 disconnected
21 Oct 01:31:16 - Initializing client with transport "websocket"
21 Oct 01:31:16 - Client 2773067308589816 connected
21 Oct 01:31:23 - Client 2118025217205286 disconnected
21 Oct 01:31:23 - Initializing client with transport "websocket"
21 Oct 01:31:23 - Client 9704608633182943 connected
21 Oct 01:31:34 - Initializing client with transport "websocket"
21 Oct 01:31:34 - Client 05461530317552388 connected
21 Oct 01:31:43 - Initializing client with transport "websocket"
21 Oct 01:31:43 - Client 46912380470894277 connected
21 Oct 01:31:58 - Client 05461530317552388 disconnected
21 Oct 01:32:00 - Client 6034159811679274 disconnected
21 Oct 01:32:09 - Initializing client with transport "xhr-polling"
21 Oct 01:32:09 - Client 7880236024502665 connected
21 Oct 01:32:22 - Initializing client with transport "websocket"
21 Oct 01:32:22 - Client 19313759123906493 connected
21 Oct 01:32:28 - Client 2708193054422736 disconnected
21 Oct 01:32:30 - Client 7880236024502665 disconnected
21 Oct 01:32:30 - Initializing client with transport "xhr-polling"
21 Oct 01:32:30 - Client 28572813468053937 connected
21 Oct 01:32:35 - Initializing client with transport "websocket"
21 Oct 01:32:35 - Client 922142421361059 connected
21 Oct 01:32:43 - Client 28572813468053937 disconnected
21 Oct 01:33:14 - Initializing client with transport "xhr-polling"
21 Oct 01:33:14 - Client 547786416253075 connected
21 Oct 01:33:27 - Client 8432736708782613 disconnected
21 Oct 01:33:27 - Initializing client with transport "websocket"
21 Oct 01:33:27 - Client 22408987139351666 connected
21 Oct 01:33:35 - Client 547786416253075 disconnected
21 Oct 01:33:45 - Couldnt find client with session id "547786416253075"
21 Oct 01:33:45 - Couldnt find client with session id "547786416253075"
21 Oct 01:33:45 - Couldnt find client with session id "547786416253075"
21 Oct 01:33:47 - Initializing client with transport "xhr-polling"
21 Oct 01:33:47 - Client 1494171735830605 connected
21 Oct 01:33:56 - Initializing client with transport "websocket"
21 Oct 01:33:56 - Client 8148942606057972 connected
21 Oct 01:34:00 - Initializing client with transport "xhr-polling"
21 Oct 01:34:00 - Client 3967177392914891 connected
21 Oct 01:34:00 - Client 22408987139351666 disconnected
21 Oct 01:34:01 - Initializing client with transport "websocket"
21 Oct 01:34:01 - Client 5520655915606767 connected
21 Oct 01:34:07 - Client 1494171735830605 disconnected
21 Oct 01:34:18 - Client 3967177392914891 disconnected
21 Oct 01:34:33 - Initializing client with transport "websocket"
21 Oct 01:34:33 - Client 44040849921293557 connected
21 Oct 01:34:36 - Client 8148942606057972 disconnected
21 Oct 01:34:36 - Initializing client with transport "websocket"
21 Oct 01:34:36 - Client 4283331376500428 connected
21 Oct 01:34:39 - Initializing client with transport "xhr-polling"
21 Oct 01:34:39 - Client 1605375981889665 connected
21 Oct 01:34:43 - Initializing client with transport "websocket"
21 Oct 01:34:43 - Client 5964892730116844 connected
21 Oct 01:34:44 - Initializing client with transport "websocket"
21 Oct 01:34:44 - Client 4085912813898176 connected
21 Oct 01:34:58 - Client 1605375981889665 disconnected
21 Oct 01:35:02 - Initializing client with transport "websocket"
21 Oct 01:35:02 - Client 3003644940908998 connected
21 Oct 01:35:07 - Client 6819391781464219 disconnected
21 Oct 01:35:08 - Client 3003644940908998 disconnected
21 Oct 01:35:09 - Client 19313759123906493 disconnected
21 Oct 01:35:12 - Client 44040849921293557 disconnected
21 Oct 01:35:20 - Initializing client with transport "xhr-polling"
21 Oct 01:35:20 - Client 017662519123405218 connected
21 Oct 01:35:29 - Client 5964892730116844 disconnected
21 Oct 01:35:42 - Initializing client with transport "xhr-polling"
21 Oct 01:35:42 - Client 8356548082083464 connected
21 Oct 01:35:44 - Initializing client with transport "websocket"
21 Oct 01:35:44 - Client 06545425113290548 connected
21 Oct 01:35:50 - Client 017662519123405218 disconnected
21 Oct 01:35:54 - Client 8356548082083464 disconnected
21 Oct 01:36:02 - Client 06545425113290548 disconnected
21 Oct 01:36:07 - Initializing client with transport "websocket"
21 Oct 01:36:07 - Client 9056098703294992 connected
21 Oct 01:36:18 - Client 2773067308589816 disconnected
21 Oct 01:36:41 - Initializing client with transport "websocket"
21 Oct 01:36:41 - Client 5008806546684355 connected
21 Oct 01:36:56 - Client 19906176067888737 disconnected
21 Oct 01:37:10 - Client 5008806546684355 disconnected
21 Oct 01:37:48 - Client 922142421361059 disconnected
21 Oct 01:38:13 - Initializing client with transport "xhr-polling"
21 Oct 01:38:13 - Client 1646822104230523 connected
21 Oct 01:38:38 - Client 7920495010912418 disconnected
21 Oct 01:38:39 - Initializing client with transport "websocket"
21 Oct 01:38:39 - Client 07320866105146706 connected
21 Oct 01:38:41 - Initializing client with transport "websocket"
21 Oct 01:38:41 - Client 09103287290781736 connected
21 Oct 01:38:47 - Client 9056098703294992 disconnected
21 Oct 01:38:47 - Initializing client with transport "websocket"
21 Oct 01:38:47 - Client 9107615931425244 connected
21 Oct 01:39:19 - Initializing client with transport "websocket"
21 Oct 01:39:19 - Client 6177288743201643 connected
21 Oct 01:39:24 - Client 1646822104230523 disconnected
21 Oct 01:39:36 - Initializing client with transport "websocket"
21 Oct 01:39:36 - Client 062015180476009846 connected
21 Oct 01:39:45 - Initializing client with transport "websocket"
21 Oct 01:39:45 - Client 8597059133462608 connected
21 Oct 01:39:46 - Initializing client with transport "websocket"
21 Oct 01:39:46 - Client 11550612724386156 connected
21 Oct 01:39:59 - Client 09103287290781736 disconnected
21 Oct 01:40:13 - Initializing client with transport "xhr-polling"
21 Oct 01:40:13 - Client 17430406133644283 connected
21 Oct 01:40:15 - Initializing client with transport "websocket"
21 Oct 01:40:15 - Client 8042862890288234 connected
21 Oct 01:40:26 - Client 9107615931425244 disconnected
21 Oct 01:40:26 - Initializing client with transport "websocket"
21 Oct 01:40:26 - Client 3597432926762849 connected
21 Oct 01:40:27 - Client 8597059133462608 disconnected
21 Oct 01:40:31 - Client 11550612724386156 disconnected
21 Oct 01:40:34 - Initializing client with transport "websocket"
21 Oct 01:40:34 - Client 726519179996103 connected
21 Oct 01:40:42 - Client 17430406133644283 disconnected
21 Oct 01:40:44 - Client 3597432926762849 disconnected
21 Oct 01:40:45 - Initializing client with transport "websocket"
21 Oct 01:40:45 - Client 7996922254096717 connected
21 Oct 01:40:53 - Client 7996922254096717 disconnected
21 Oct 01:40:54 - Initializing client with transport "websocket"
21 Oct 01:40:54 - Client 8764994628727436 connected
21 Oct 01:41:03 - Initializing client with transport "xhr-polling"
21 Oct 01:41:03 - Client 6081228111870587 connected
21 Oct 01:41:12 - Client 8764994628727436 disconnected
21 Oct 01:41:12 - Initializing client with transport "websocket"
21 Oct 01:41:12 - Client 6583362633828074 connected
21 Oct 01:41:18 - Client 4680165541358292 disconnected
21 Oct 01:41:22 - Client 8042862890288234 disconnected
21 Oct 01:41:32 - Client 6583362633828074 disconnected
21 Oct 01:41:35 - Initializing client with transport "websocket"
21 Oct 01:41:35 - Client 9671891876496375 connected
21 Oct 01:41:50 - Initializing client with transport "websocket"
21 Oct 01:41:50 - Client 9875797890126705 connected
21 Oct 01:41:57 - Client 6081228111870587 disconnected
21 Oct 01:42:00 - Client 9671891876496375 disconnected
21 Oct 01:42:07 - Client 9875797890126705 disconnected
21 Oct 01:42:07 - Initializing client with transport "websocket"
21 Oct 01:42:07 - Client 3664105033967644 connected
21 Oct 01:42:32 - Initializing client with transport "websocket"
21 Oct 01:42:32 - Client 342575347982347 connected
21 Oct 01:42:38 - Client 6177288743201643 disconnected
21 Oct 01:42:48 - Initializing client with transport "websocket"
21 Oct 01:42:48 - Client 8645787674468011 connected
21 Oct 01:42:51 - Initializing client with transport "websocket"
21 Oct 01:42:51 - Client 7864559376612306 connected
21 Oct 01:42:51 - Client 342575347982347 disconnected
21 Oct 01:42:52 - Initializing client with transport "websocket"
21 Oct 01:42:52 - Client 8777938529383391 connected
21 Oct 01:42:53 - Client 3414680832065642 disconnected
21 Oct 01:42:53 - Initializing client with transport "websocket"
21 Oct 01:42:53 - Client 5493441692087799 connected
21 Oct 01:42:59 - Client 07320866105146706 disconnected
21 Oct 01:42:59 - Client 726519179996103 disconnected
21 Oct 01:43:13 - Initializing client with transport "websocket"
21 Oct 01:43:13 - Client 7374917953275144 connected
21 Oct 01:43:46 - Client 5493441692087799 disconnected
21 Oct 01:43:48 - Client 8777938529383391 disconnected
21 Oct 01:43:49 - Initializing client with transport "websocket"
21 Oct 01:43:49 - Client 49609696213155985 connected
21 Oct 01:43:53 - Initializing client with transport "websocket"
21 Oct 01:43:53 - Client 5058704682160169 connected
21 Oct 01:44:07 - Client 49609696213155985 disconnected
21 Oct 01:44:15 - Client 8650206685997546 disconnected
21 Oct 01:44:26 - Initializing client with transport "websocket"
21 Oct 01:44:26 - Client 3950900442432612 connected
21 Oct 01:44:29 - Initializing client with transport "websocket"
21 Oct 01:44:29 - Client 01881843968294561 connected
21 Oct 01:44:36 - Initializing client with transport "websocket"
21 Oct 01:44:36 - Client 7608609788585454 connected
21 Oct 01:44:41 - Client 5058704682160169 disconnected
21 Oct 01:44:50 - Client 01881843968294561 disconnected
21 Oct 01:44:53 - Client 7608609788585454 disconnected
21 Oct 01:45:37 - Initializing client with transport "websocket"
21 Oct 01:45:37 - Client 8372559084091336 connected
21 Oct 01:45:48 - Client 7374917953275144 disconnected
21 Oct 01:46:13 - Initializing client with transport "websocket"
21 Oct 01:46:13 - Client 7154104493092746 connected
21 Oct 01:46:38 - Initializing client with transport "websocket"
21 Oct 01:46:38 - Client 4026767339091748 connected
21 Oct 01:46:41 - Initializing client with transport "websocket"
21 Oct 01:46:41 - Client 49580941209569573 connected
21 Oct 01:46:42 - Client 4026767339091748 disconnected
21 Oct 01:46:42 - Initializing client with transport "xhr-polling"
21 Oct 01:46:42 - Client 5990510019473732 connected
21 Oct 01:46:58 - Initializing client with transport "websocket"
21 Oct 01:46:58 - Client 3668886066880077 connected
21 Oct 01:47:00 - Client 49580941209569573 disconnected
21 Oct 01:47:34 - Initializing client with transport "websocket"
21 Oct 01:47:34 - Client 610574605409056 connected
21 Oct 01:47:50 - Client 9704608633182943 disconnected
21 Oct 01:47:50 - Initializing client with transport "websocket"
21 Oct 01:47:50 - Client 19131119106896222 connected
21 Oct 01:48:15 - Client 5990510019473732 disconnected
21 Oct 01:49:14 - Client 30478559085167944 disconnected
21 Oct 01:49:15 - Client 6623712421860546 disconnected
21 Oct 01:50:07 - Initializing client with transport "websocket"
21 Oct 01:50:07 - Client 4933679767418653 connected
21 Oct 01:50:26 - Client 3664105033967644 disconnected
21 Oct 01:50:27 - Initializing client with transport "websocket"
21 Oct 01:50:27 - Client 2234731891658157 connected
21 Oct 01:50:45 - Client 2234731891658157 disconnected
21 Oct 01:51:28 - Client 21745545859448612 disconnected
21 Oct 01:51:34 - Initializing client with transport "websocket"
21 Oct 01:51:34 - Client 5546399087179452 connected
21 Oct 01:52:43 - Client 5546399087179452 disconnected
21 Oct 01:52:44 - Initializing client with transport "websocket"
21 Oct 01:52:44 - Client 11184262577444315 connected
21 Oct 01:52:45 - Initializing client with transport "websocket"
21 Oct 01:52:45 - Client 6176934407558292 connected
21 Oct 01:53:23 - Initializing client with transport "websocket"
21 Oct 01:53:23 - Client 4831413731444627 connected
21 Oct 01:53:28 - Client 11184262577444315 disconnected
21 Oct 01:53:36 - Initializing client with transport "websocket"
21 Oct 01:53:36 - Client 5155390668660402 connected
21 Oct 01:53:59 - Initializing client with transport "websocket"
21 Oct 01:53:59 - Client 028560412116348743 connected
21 Oct 01:54:02 - Client 028560412116348743 disconnected
21 Oct 01:54:07 - Client 5520655915606767 disconnected
21 Oct 01:54:08 - Initializing client with transport "websocket"
21 Oct 01:54:08 - Client 725995420711115 connected
21 Oct 01:54:30 - Initializing client with transport "websocket"
21 Oct 01:54:30 - Client 8692848882637918 connected
21 Oct 01:54:38 - Client 6176934407558292 disconnected
21 Oct 01:54:38 - Initializing client with transport "websocket"
21 Oct 01:54:38 - Client 7462030798196793 connected
21 Oct 01:55:21 - Initializing client with transport "websocket"
21 Oct 01:55:21 - Client 77892891690135 connected
21 Oct 01:55:22 - Client 3950900442432612 disconnected
21 Oct 01:55:26 - Initializing client with transport "websocket"
21 Oct 01:55:26 - Client 14455798058770597 connected
21 Oct 01:56:52 - Client 4933679767418653 disconnected
21 Oct 01:56:58 - Initializing client with transport "websocket"
21 Oct 01:56:58 - Client 17927821236662567 connected
21 Oct 01:57:25 - Initializing client with transport "websocket"
21 Oct 01:57:25 - Client 7179744292516261 connected
21 Oct 01:58:34 - Client 77892891690135 disconnected
21 Oct 01:59:18 - Client 8692848882637918 disconnected
21 Oct 01:59:20 - Client 17927821236662567 disconnected
21 Oct 02:00:00 - Client 8645787674468011 disconnected
21 Oct 02:00:01 - Client 46912380470894277 disconnected
21 Oct 02:00:12 - Client 19131119106896222 disconnected
21 Oct 02:00:12 - Initializing client with transport "websocket"
21 Oct 02:00:12 - Client 8006679764948785 connected
21 Oct 02:00:13 - Initializing client with transport "websocket"
21 Oct 02:00:13 - Client 9742213562130928 connected
21 Oct 02:00:15 - Initializing client with transport "websocket"
21 Oct 02:00:15 - Client 11897893389686942 connected
21 Oct 02:00:36 - Client 8006679764948785 disconnected
21 Oct 02:00:36 - Initializing client with transport "websocket"
21 Oct 02:00:36 - Client 8542130151763558 connected
21 Oct 02:00:39 - Initializing client with transport "websocket"
21 Oct 02:00:39 - Client 07085076323710382 connected
21 Oct 02:00:39 - Data incorrectly framed by UA. Dropping connection
21 Oct 02:00:39 - Client 07085076323710382 disconnected
21 Oct 02:00:44 - Initializing client with transport "xhr-polling"
21 Oct 02:00:44 - Client 6082548764534295 connected
21 Oct 02:00:50 - Client 9742213562130928 disconnected
21 Oct 02:01:06 - Initializing client with transport "websocket"
21 Oct 02:01:06 - Client 2807781617157161 connected
21 Oct 02:01:13 - Client 7179744292516261 disconnected
21 Oct 02:01:31 - Initializing client with transport "websocket"
21 Oct 02:01:31 - Client 3871957864612341 connected
21 Oct 02:02:31 - Client 3871957864612341 disconnected
21 Oct 02:03:42 - Client 2807781617157161 disconnected
21 Oct 02:03:46 - Initializing client with transport "websocket"
21 Oct 02:03:46 - Client 25103675620630383 connected
21 Oct 02:04:02 - Initializing client with transport "websocket"
21 Oct 02:04:02 - Client 2632660511881113 connected
21 Oct 02:04:05 - Initializing client with transport "websocket"
21 Oct 02:04:05 - Client 5963941721711308 connected
21 Oct 02:04:35 - Client 7462030798196793 disconnected
21 Oct 02:04:36 - Initializing client with transport "websocket"
21 Oct 02:04:36 - Client 08192867366597056 connected
21 Oct 02:05:09 - Client 725995420711115 disconnected
21 Oct 02:05:10 - Initializing client with transport "websocket"
21 Oct 02:05:10 - Client 001005345256999135 connected
21 Oct 02:05:18 - Client 08192867366597056 disconnected
21 Oct 02:05:18 - Initializing client with transport "websocket"
21 Oct 02:05:18 - Client 7128686653450131 connected
21 Oct 02:05:22 - Client 7128686653450131 disconnected
21 Oct 02:05:23 - Initializing client with transport "websocket"
21 Oct 02:05:23 - Client 725871225586161 connected
21 Oct 02:05:59 - Client 8542130151763558 disconnected
21 Oct 02:06:00 - Initializing client with transport "websocket"
21 Oct 02:06:00 - Client 7424905297812074 connected
21 Oct 02:06:47 - Client 062015180476009846 disconnected
21 Oct 02:07:53 - Initializing client with transport "websocket"
21 Oct 02:07:53 - Client 05708732269704342 connected
21 Oct 02:08:11 - Client 7154104493092746 disconnected
21 Oct 02:08:45 - Client 001005345256999135 disconnected
21 Oct 02:08:46 - Initializing client with transport "websocket"
21 Oct 02:08:46 - Client 7250717093702406 connected
21 Oct 02:08:56 - Client 725871225586161 disconnected
21 Oct 02:08:57 - Initializing client with transport "websocket"
21 Oct 02:08:57 - Client 03925579320639372 connected
21 Oct 02:09:16 - Client 03925579320639372 disconnected
21 Oct 02:09:44 - Initializing client with transport "websocket"
21 Oct 02:09:44 - Client 2798049927223474 connected
21 Oct 02:10:21 - Client 2798049927223474 disconnected
21 Oct 02:10:22 - Initializing client with transport "websocket"
21 Oct 02:10:22 - Client 9636862475890666 connected
21 Oct 02:10:47 - Client 7424905297812074 disconnected
21 Oct 02:10:48 - Initializing client with transport "websocket"
21 Oct 02:10:48 - Client 5946567428763956 connected
21 Oct 02:12:06 - Client 610574605409056 disconnected
21 Oct 02:12:31 - Client 9636862475890666 disconnected
21 Oct 02:12:31 - Initializing client with transport "websocket"
21 Oct 02:12:31 - Client 16939231008291245 connected
21 Oct 02:12:38 - Initializing client with transport "websocket"
21 Oct 02:12:38 - Client 433674672851339 connected
21 Oct 02:12:41 - Initializing client with transport "websocket"
21 Oct 02:12:41 - Client 4434109360445291 connected
21 Oct 02:12:49 - Client 4434109360445291 disconnected
21 Oct 02:12:51 - Client 25103675620630383 disconnected
21 Oct 02:13:00 - Client 433674672851339 disconnected
21 Oct 02:13:00 - Initializing client with transport "websocket"
21 Oct 02:13:00 - Client 48967686761170626 connected
21 Oct 02:13:43 - Client 48967686761170626 disconnected
21 Oct 02:13:44 - Initializing client with transport "websocket"
21 Oct 02:13:44 - Client 8529523096513003 connected
21 Oct 02:14:41 - Client 16939231008291245 disconnected
21 Oct 02:14:46 - Client 11897893389686942 disconnected
21 Oct 02:14:54 - Initializing client with transport "websocket"
21 Oct 02:14:54 - Client 023587723029777408 connected
21 Oct 02:15:25 - Client 6082548764534295 disconnected
21 Oct 02:15:57 - Initializing client with transport "websocket"
21 Oct 02:15:57 - Client 01901259063743055 connected
21 Oct 02:16:07 - Initializing client with transport "websocket"
21 Oct 02:16:07 - Client 884616868570447 connected
21 Oct 02:16:49 - Initializing client with transport "websocket"
21 Oct 02:16:49 - Client 2700855692382902 connected
21 Oct 02:17:50 - Client 8529523096513003 disconnected
21 Oct 02:17:51 - Initializing client with transport "websocket"
21 Oct 02:17:51 - Client 10747006419114769 connected
21 Oct 02:18:01 - Client 7250717093702406 disconnected
21 Oct 02:18:01 - Initializing client with transport "websocket"
21 Oct 02:18:01 - Client 12397068785503507 connected
21 Oct 02:18:21 - Client 5155390668660402 disconnected
21 Oct 02:18:22 - Initializing client with transport "websocket"
21 Oct 02:18:22 - Client 8266795303206891 connected
21 Oct 02:18:37 - Client 2700855692382902 disconnected
21 Oct 02:18:55 - Client 2632660511881113 disconnected
21 Oct 02:20:08 - Initializing client with transport "websocket"
21 Oct 02:20:08 - Client 4333398893941194 connected
21 Oct 02:20:25 - Client 14455798058770597 disconnected
21 Oct 02:20:35 - Client 4333398893941194 disconnected
21 Oct 02:20:45 - Client 8372559084091336 disconnected
21 Oct 02:20:58 - Initializing client with transport "websocket"
21 Oct 02:20:58 - Client 40393090550787747 connected
21 Oct 02:21:07 - Client 40393090550787747 disconnected
21 Oct 02:21:19 - Initializing client with transport "websocket"
21 Oct 02:21:19 - Client 15716921305283904 connected
21 Oct 02:22:03 - Client 15716921305283904 disconnected
21 Oct 02:22:31 - Initializing client with transport "websocket"
21 Oct 02:22:31 - Client 48025186150334775 connected
21 Oct 02:22:33 - Initializing client with transport "xhr-polling"
21 Oct 02:22:33 - Client 07634830940514803 connected
21 Oct 02:22:56 - Client 884616868570447 disconnected
21 Oct 02:24:51 - Initializing client with transport "websocket"
21 Oct 02:24:51 - Client 47408078191801906 connected
21 Oct 02:24:57 - Client 10747006419114769 disconnected
21 Oct 02:24:57 - Initializing client with transport "websocket"
21 Oct 02:24:57 - Client 13347095856443048 connected
21 Oct 02:25:02 - Client 48025186150334775 disconnected
21 Oct 02:26:25 - Client 7940771086141467 disconnected
21 Oct 02:26:40 - Client 12397068785503507 disconnected
21 Oct 02:26:41 - Initializing client with transport "websocket"
21 Oct 02:26:41 - Client 46913340175524354 connected
21 Oct 02:26:57 - Client 8266795303206891 disconnected
21 Oct 02:26:57 - Initializing client with transport "websocket"
21 Oct 02:26:57 - Client 3966022173408419 connected
21 Oct 02:26:59 - Client 023587723029777408 disconnected
21 Oct 02:27:00 - Initializing client with transport "websocket"
21 Oct 02:27:00 - Client 8442210839129984 connected
21 Oct 02:27:01 - Client 5963941721711308 disconnected
21 Oct 02:27:02 - Initializing client with transport "websocket"
21 Oct 02:27:02 - Client 7405351891648024 connected
21 Oct 02:27:04 - Initializing client with transport "xhr-polling"
21 Oct 02:27:04 - Client 9187627588398755 connected
21 Oct 02:27:06 - Client 13347095856443048 disconnected
21 Oct 02:27:08 - Client 07634830940514803 disconnected
21 Oct 02:27:17 - Client 5946567428763956 disconnected
21 Oct 02:27:18 - Initializing client with transport "websocket"
21 Oct 02:27:18 - Client 13775652553886175 connected
21 Oct 02:27:20 - Client 9187627588398755 disconnected
21 Oct 02:27:30 - Client 05708732269704342 disconnected
21 Oct 02:27:30 - Initializing client with transport "websocket"
21 Oct 02:27:30 - Client 23269701399840415 connected
21 Oct 02:27:31 - Client 46913340175524354 disconnected
21 Oct 02:27:31 - Initializing client with transport "websocket"
21 Oct 02:27:31 - Client 6358608170412481 connected
21 Oct 02:27:58 - Initializing client with transport "websocket"
21 Oct 02:27:58 - Client 8329093914944679 connected
21 Oct 02:28:23 - Client 47408078191801906 disconnected
21 Oct 02:28:57 - Initializing client with transport "websocket"
21 Oct 02:28:57 - Client 8757811144459993 connected
21 Oct 02:28:58 - Initializing client with transport "websocket"
21 Oct 02:28:58 - Client 11405062978155911 connected
21 Oct 02:28:59 - Client 8329093914944679 disconnected
21 Oct 02:29:11 - Client 11405062978155911 disconnected
21 Oct 02:29:23 - Initializing client with transport "websocket"
21 Oct 02:29:23 - Client 5936828593257815 connected
21 Oct 02:29:49 - Client 6358608170412481 disconnected
21 Oct 02:29:50 - Initializing client with transport "websocket"
21 Oct 02:29:50 - Client 5875781218055636 connected
21 Oct 02:30:10 - Client 13775652553886175 disconnected
21 Oct 02:30:10 - Initializing client with transport "websocket"
21 Oct 02:30:10 - Client 2172592435963452 connected
21 Oct 02:30:21 - Client 23269701399840415 disconnected
21 Oct 02:30:22 - Initializing client with transport "websocket"
21 Oct 02:30:22 - Client 01819950994104147 connected
21 Oct 02:30:39 - Initializing client with transport "xhr-polling"
21 Oct 02:30:39 - Client 5323637216351926 connected
21 Oct 02:30:39 - Client 8442210839129984 disconnected
21 Oct 02:30:39 - Initializing client with transport "websocket"
21 Oct 02:30:39 - Client 40687042521312833 connected
21 Oct 02:30:46 - Client 5936828593257815 disconnected
21 Oct 02:31:24 - Initializing client with transport "websocket"
21 Oct 02:31:24 - Client 5206431352999061 connected
21 Oct 02:32:06 - Initializing client with transport "xhr-polling"
21 Oct 02:32:06 - Client 39565367018803954 connected
21 Oct 02:32:22 - Client 7864559376612306 disconnected
21 Oct 02:37:06 - Client 5875781218055636 disconnected
21 Oct 02:37:06 - Initializing client with transport "websocket"
21 Oct 02:37:06 - Client 898934324271977 connected
21 Oct 02:37:36 - Client 4085912813898176 disconnected
21 Oct 02:38:12 - Initializing client with transport "websocket"
21 Oct 02:38:12 - Client 6103936864528805 connected
21 Oct 02:41:21 - Client 898934324271977 disconnected
21 Oct 02:41:51 - Client 6103936864528805 disconnected
21 Oct 02:42:52 - Initializing client with transport "websocket"
21 Oct 02:42:52 - Client 7222022449132055 connected
21 Oct 02:43:01 - Initializing client with transport "websocket"
21 Oct 02:43:01 - Client 30015969136729836 connected
21 Oct 02:43:30 - Client 5206431352999061 disconnected
21 Oct 02:43:30 - Initializing client with transport "websocket"
21 Oct 02:43:30 - Client 8612390344496816 connected
21 Oct 02:43:37 - Client 8612390344496816 disconnected
21 Oct 02:43:37 - Initializing client with transport "websocket"
21 Oct 02:43:37 - Client 22416132013313472 connected
21 Oct 02:43:38 - Client 8757811144459993 disconnected
21 Oct 02:43:38 - Initializing client with transport "websocket"
21 Oct 02:43:38 - Client 14675477310083807 connected
21 Oct 02:43:41 - Client 01819950994104147 disconnected
21 Oct 02:43:42 - Initializing client with transport "websocket"
21 Oct 02:43:42 - Client 09705409803427756 connected
21 Oct 02:43:51 - Client 09705409803427756 disconnected
21 Oct 02:43:51 - Initializing client with transport "websocket"
21 Oct 02:43:51 - Client 7726065153256059 connected
The 'sys' module is now called 'util'. It should have a similar interface.
21 Oct 02:44:26 - socket.io ready - accepting connections
The 'sys' module is now called 'util'. It should have a similar interface.
21 Oct 02:46:26 - socket.io ready - accepting connections
The 'sys' module is now called 'util'. It should have a similar interface.
21 Oct 02:46:40 - socket.io ready - accepting connections
21 Oct 02:47:12 - Initializing client with transport "xhr-polling"
21 Oct 02:47:12 - Client 4323696047067642 connected
21 Oct 02:47:19 - Initializing client with transport "websocket"
21 Oct 02:47:19 - Client 1830918698105961 connected
21 Oct 02:47:39 - Initializing client with transport "websocket"
21 Oct 02:47:39 - Client 9058830440044403 connected
21 Oct 02:47:50 - Initializing client with transport "websocket"
21 Oct 02:47:50 - Client 15697927842848003 connected
21 Oct 02:47:50 - Initializing client with transport "websocket"
21 Oct 02:47:50 - Client 43006690009497106 connected
21 Oct 02:47:55 - Client 15697927842848003 disconnected
21 Oct 02:48:00 - Initializing client with transport "websocket"
21 Oct 02:48:00 - Client 7441979392897338 connected
21 Oct 02:48:18 - Client 43006690009497106 disconnected
21 Oct 02:48:18 - Initializing client with transport "websocket"
21 Oct 02:48:18 - Client 06966181960888207 connected
21 Oct 02:48:56 - Initializing client with transport "websocket"
21 Oct 02:48:56 - Client 5462318803183734 connected
21 Oct 02:48:56 - Initializing client with transport "websocket"
21 Oct 02:48:56 - Client 20478802756406367 connected
21 Oct 02:49:14 - Client 1830918698105961 disconnected
21 Oct 02:49:14 - Initializing client with transport "websocket"
21 Oct 02:49:14 - Client 5592826721258461 connected
21 Oct 02:49:25 - Client 4323696047067642 disconnected
21 Oct 02:49:52 - Initializing client with transport "websocket"
21 Oct 02:49:52 - Client 1524599480908364 connected
21 Oct 02:50:23 - Initializing client with transport "websocket"
21 Oct 02:50:23 - Client 26031227433122694 connected
21 Oct 02:50:31 - Initializing client with transport "websocket"
21 Oct 02:50:31 - Client 10496893734671175 connected
21 Oct 02:50:52 - Initializing client with transport "xhr-polling"
21 Oct 02:50:52 - Client 6056964285671711 connected
21 Oct 02:51:06 - Client 6056964285671711 disconnected
21 Oct 02:51:07 - Initializing client with transport "xhr-polling"
21 Oct 02:51:07 - Client 5308548954781145 connected
21 Oct 02:51:16 - Client 26031227433122694 disconnected
21 Oct 02:51:49 - Client 20478802756406367 disconnected
21 Oct 02:51:49 - Initializing client with transport "websocket"
21 Oct 02:51:49 - Client 4562538636382669 connected
21 Oct 02:52:42 - Client 7441979392897338 disconnected
21 Oct 02:52:48 - Client 06966181960888207 disconnected
21 Oct 02:52:48 - Client 4562538636382669 disconnected
21 Oct 02:52:49 - Initializing client with transport "websocket"
21 Oct 02:52:49 - Client 5185285713523626 connected
21 Oct 02:53:21 - Initializing client with transport "websocket"
21 Oct 02:53:21 - Client 5774215841665864 connected
21 Oct 02:53:56 - Initializing client with transport "websocket"
21 Oct 02:53:56 - Client 4828331903554499 connected
21 Oct 02:53:56 - Initializing client with transport "websocket"
21 Oct 02:53:56 - Client 6466761101037264 connected
21 Oct 02:54:19 - Client 5185285713523626 disconnected
21 Oct 02:54:19 - Initializing client with transport "websocket"
21 Oct 02:54:19 - Client 9224486360326409 connected
21 Oct 02:55:21 - Client 9224486360326409 disconnected
21 Oct 02:55:22 - Initializing client with transport "websocket"
21 Oct 02:55:22 - Client 03344523208215833 connected
21 Oct 02:56:09 - Initializing client with transport "websocket"
21 Oct 02:56:09 - Client 4682299504056573 connected
21 Oct 02:57:02 - Client 4682299504056573 disconnected
21 Oct 02:57:54 - Initializing client with transport "websocket"
21 Oct 02:57:54 - Client 494039915734902 connected
21 Oct 02:58:17 - Initializing client with transport "xhr-polling"
21 Oct 02:58:17 - Client 20017929561436176 connected
21 Oct 02:58:17 - Client 494039915734902 disconnected
21 Oct 02:58:30 - Client 20017929561436176 disconnected
21 Oct 02:58:59 - Initializing client with transport "xhr-polling"
21 Oct 02:58:59 - Client 170993973268196 connected
21 Oct 02:59:15 - Client 170993973268196 disconnected
21 Oct 02:59:19 - Couldnt find client with session id "170993973268196"
21 Oct 03:01:07 - Client 1524599480908364 disconnected
21 Oct 03:05:20 - Initializing client with transport "websocket"
21 Oct 03:05:20 - Client 4418656099587679 connected
21 Oct 03:05:30 - Initializing client with transport "websocket"
21 Oct 03:05:30 - Client 3671827563084662 connected
21 Oct 03:06:08 - Client 3671827563084662 disconnected
21 Oct 03:07:14 - Initializing client with transport "websocket"
21 Oct 03:07:14 - Client 23984179669059813 connected
21 Oct 03:08:42 - Initializing client with transport "websocket"
21 Oct 03:08:42 - Client 7650791520718485 connected
21 Oct 03:09:12 - Client 03344523208215833 disconnected
21 Oct 03:09:13 - Initializing client with transport "websocket"
21 Oct 03:09:13 - Client 21824210765771568 connected
21 Oct 03:09:35 - Client 23984179669059813 disconnected
21 Oct 03:10:28 - Initializing client with transport "websocket"
21 Oct 03:10:28 - Client 22085585165768862 connected
21 Oct 03:11:17 - Client 22085585165768862 disconnected
21 Oct 03:11:30 - Initializing client with transport "websocket"
21 Oct 03:11:30 - Client 9379635362420231 connected
21 Oct 03:12:37 - Client 10496893734671175 disconnected
